[38;5;112m[Appium][0m Welcome to Appium v2.10.3
[38;5;112m[Appium][0m Non-default server args:
[38;5;112m[Appium][0m { basePath: [32m'/wd/hub'[39m, loglevel: [32m'info'[39m, port: [33m63554[39m }
[38;5;112m[Appium][0m Attempting to load driver uiautomator2...
[38;5;112m[Appium][0m Appium REST http interface listener started on http://0.0.0.0:63554/wd/hub
[38;5;112m[Appium][0m You can provide the following URLs in your client code to connect to this server:
	http://192.168.1.14:63554/wd/hub
	http://127.0.0.1:63554/wd/hub (only accessible from the same host)
[38;5;112m[Appium][0m Available drivers:
[38;5;112m[Appium][0m   - uiautomator2@3.5.5 (automationName 'UiAutomator2')
[38;5;112m[Appium][0m No plugins have been installed. Use the "appium plugin" command to install the one(s) you want to use.
[38;5;86m[HTTP][0m [37m-->[39m [37mGET[39m [37m/wd/hub/status[39m [90m{}[39m
[38;5;86m[HTTP][0m [37m<-- GET /wd/hub/status [39m[32m200[39m [90m8 ms - 111[39m [90m[39m
[38;5;86m[HTTP][0m [37m-->[39m [37mGET[39m [37m/wd/hub/status[39m [90m{}[39m
[38;5;86m[HTTP][0m [37m<-- GET /wd/hub/status [39m[32m200[39m [90m2 ms - 111[39m [90m[39m
[38;5;86m[HTTP][0m [37m-->[39m [37mPOST[39m [37m/wd/hub/session[39m [90m{"desiredCapabilities":{"appium:systemPort":63580,"appium:newCommandTimeout":1800,"appium:automationName":"uiautomator2","appium:fullReset":false,"appium:platformVersion":"11","appium:noReset":true,"appium:udid":"emulator-5554","appium:autoGrantPermissions":true,"appium:platformName":"ANDROID","appium:deviceName":"emulator-5554 (sdk_gphone_x86 - Android 11)","platformName":"Android","appium:app":"D:\\bootcamp\\Katalon\\KatalonGitTest\\MobileAPP\\Calculator_v8.1.apk"},"capabilities":{"firstMatch":[{"appium:app":"D:\\bootcamp\\Katalon\\KatalonGitTest\\MobileAPP\\Calculator_v8.1.apk","appium:autoGrantPermissions":true,"appium:automationName":"uiautomator2","appium:deviceName":"emulator-5554 (sdk_gphone_x86 - Android 11)","appium:fullReset":false,"appium:newCommandTimeout":1800,"appium:noReset":true,"appium:platformName":"ANDROID","appium:platformVersion":"11","appium:systemPort":63580,"appium:udid":"emulator-5554","platformName":"android"}]}}[39m
[38;5;123m[BaseDriver][0m Ignoring capability 'appium:platformName=ANDROID' and using capability 'platformName=android'
[38;5;123m[BaseDriver][0m The capabilities ["platformName"] are standard capabilities and do not require "appium:" prefix
[38;5;112m[Appium][0m Attempting to find matching driver for automationName 'uiautomator2' and platformName 'android'
[38;5;112m[Appium][0m The 'uiautomator2' driver was installed and matched caps.
[38;5;112m[Appium][0m Will require it at C:\Users\ThinkPad\.appium\node_modules\appium-uiautomator2-driver
[38;5;188m[AppiumDriver@c0cd][0m Appium v2.10.3 creating new AndroidUiautomator2Driver (v3.5.5) session
[38;5;188m[AppiumDriver@c0cd][0m Checking BaseDriver versions for Appium and AndroidUiautomator2Driver
[38;5;188m[AppiumDriver@c0cd][0m Appium's BaseDriver version is 9.10.3
[38;5;188m[AppiumDriver@c0cd][0m AndroidUiautomator2Driver's BaseDriver version is 9.10.3
[38;5;-179m[AndroidUiautomator2Driver@f5f7][0m Session created with session id: f3511540-b908-4e0e-b3b9-53e79f41969f
[38;5;229m[ADB][0m Found 1 'build-tools' folders under 'C:\Users\ThinkPad\.katalon\tools\android_sdk' (newest first):
[38;5;229m[ADB][0m     C:\Users\ThinkPad\.katalon\tools\android_sdk\build-tools\29.0.3
[38;5;229m[ADB][0m Using 'adb.exe' from 'C:\Users\ThinkPad\.katalon\tools\android_sdk\platform-tools\adb.exe'
[38;5;-179m[AndroidUiautomator2Driver@f5f7][0m Retrieving device list
[38;5;-179m[AndroidUiautomator2Driver@f5f7][0m Using device: emulator-5554
[38;5;229m[ADB][0m Using 'adb.exe' from 'C:\Users\ThinkPad\.katalon\tools\android_sdk\platform-tools\adb.exe'
[38;5;123m[BaseDriver][0m Using local app 'D:\bootcamp\Katalon\KatalonGitTest\MobileAPP\Calculator_v8.1.apk'
[38;5;229m[ADB][0m Getting device platform version
[38;5;-179m[AndroidUiautomator2Driver@f5f7][0m Relaxing hidden api policy
[38;5;229m[ADB][0m Package name: 'com.google.android.calculator'
[38;5;229m[ADB][0m Main activity name: 'com.android.calculator2.Calculator'
[38;5;229m[ADB][0m Using 'apksigner.jar' from 'C:\Users\ThinkPad\.katalon\tools\android_sdk\build-tools\29.0.3\lib\apksigner.jar'
[38;5;-179m[AndroidUiautomator2Driver@f5f7][0m Server packages are not going to be (re)installed
[38;5;229m[ADB][0m Adding packages ["io.appium.settings","io.appium.uiautomator2.server","io.appium.uiautomator2.server.test"] to Doze whitelist
[38;5;229m[ADB][0m 'D:\bootcamp\Katalon\KatalonGitTest\MobileAPP\Calculator_v8.1.apk' is signed with a non-default certificate
[38;5;229m[ADB][0m The application at 'D:\bootcamp\Katalon\KatalonGitTest\MobileAPP\Calculator_v8.1.apk' will not be cached, because the device under test has confirmed the support of streamed installs
[38;5;229m[ADB][0m The installation of 'Calculator_v8.1.apk' took 2774ms
[38;5;-179m[AndroidUiautomator2Driver@f5f7][0m Starting UIAutomator2 server 7.0.13
[38;5;-179m[AndroidUiautomator2Driver@f5f7][0m Using UIAutomator2 server from 'C:\Users\ThinkPad\.appium\node_modules\appium-uiautomator2-driver\node_modules\appium-uiautomator2-server\apks\appium-uiautomator2-server-v7.0.13.apk' and test from 'C:\Users\ThinkPad\.appium\node_modules\appium-uiautomator2-driver\node_modules\appium-uiautomator2-server\apks\appium-uiautomator2-server-debug-androidTest.apk'
[38;5;-179m[AndroidUiautomator2Driver@f5f7][0m Waiting up to 30000ms for UiAutomator2 to be online...
[38;5;-179m[AndroidUiautomator2Driver@f5f7][0m socket hang up
[38;5;-179m[AndroidUiautomator2Driver@f5f7][0m socket hang up
[38;5;-179m[AndroidUiautomator2Driver@f5f7][0m socket hang up
[38;5;-179m[AndroidUiautomator2Driver@f5f7][0m socket hang up
[38;5;-179m[AndroidUiautomator2Driver@f5f7][0m Determined the downstream protocol as 'W3C'
[38;5;-179m[AndroidUiautomator2Driver@f5f7][0m Screen already unlocked, doing nothing
[38;5;-179m[AndroidUiautomator2Driver@f5f7][0m Starting 'com.google.android.calculator/com.android.calculator2.Calculator and waiting for 'com.google.android.calculator/com.android.calculator2.Calculator'
[38;5;188m[AppiumDriver@c0cd][0m New AndroidUiautomator2Driver session created successfully, session f3511540-b908-4e0e-b3b9-53e79f41969f added to master session list
[38;5;86m[HTTP][0m [37m<-- POST /wd/hub/session [39m[32m200[39m [90m14598 ms - 1258[39m [90m[39m
[38;5;65m[f3511540][0m[38;5;86m[HTTP][0m [37m-->[39m [37mGET[39m [37m/wd/hub/session/f3511540-b908-4e0e-b3b9-53e79f41969f[39m [90m{}[39m
[38;5;65m[f3511540][0m[38;5;86m[HTTP][0m [37m<-- GET /wd/hub/session/f3511540-b908-4e0e-b3b9-53e79f41969f [39m[32m200[39m [90m24 ms - 378[39m [90m[39m
[38;5;65m[f3511540][0m[38;5;86m[HTTP][0m [37m-->[39m [37mGET[39m [37m/wd/hub/session/f3511540-b908-4e0e-b3b9-53e79f41969f[39m [90m{}[39m
[38;5;65m[f3511540][0m[38;5;86m[HTTP][0m [37m<-- GET /wd/hub/session/f3511540-b908-4e0e-b3b9-53e79f41969f [39m[32m200[39m [90m13 ms - 378[39m [90m[39m
[38;5;86m[HTTP][0m [37m-->[39m [37mGET[39m [37m/wd/hub/status[39m [90m{}[39m
[38;5;86m[HTTP][0m [37m<-- GET /wd/hub/status [39m[32m200[39m [90m1 ms - 111[39m [90m[39m
[38;5;65m[f3511540][0m[38;5;86m[HTTP][0m [37m-->[39m [37mPOST[39m [37m/wd/hub/session/f3511540-b908-4e0e-b3b9-53e79f41969f/timeouts[39m [90m{"implicit":60000}[39m
[38;5;65m[f3511540][0m[38;5;86m[HTTP][0m [37m<-- POST /wd/hub/session/f3511540-b908-4e0e-b3b9-53e79f41969f/timeouts [39m[32m200[39m [90m4 ms - 14[39m [90m[39m
[38;5;65m[f3511540][0m[38;5;86m[HTTP][0m [37m-->[39m [37mGET[39m [37m/wd/hub/session/f3511540-b908-4e0e-b3b9-53e79f41969f/source[39m [90m{}[39m
[38;5;65m[f3511540][0m[38;5;-179m[AndroidUiautomator2Driver@f5f7][0m Driver proxy active, passing request on via HTTP proxy
[38;5;65m[f3511540][0m[38;5;-179m[AndroidUiautomator2Driver@f5f7][0m Replacing sessionId 406aa025-3739-4531-a309-b03a27ad6ecf with f3511540-b908-4e0e-b3b9-53e79f41969f
[38;5;65m[f3511540][0m[38;5;86m[HTTP][0m [37m<-- GET /wd/hub/session/f3511540-b908-4e0e-b3b9-53e79f41969f/source [39m[32m200[39m [90m1220 ms - 20516[39m [90m[39m
[38;5;65m[f3511540][0m[38;5;86m[HTTP][0m [37m-->[39m [37mGET[39m [37m/wd/hub/session/f3511540-b908-4e0e-b3b9-53e79f41969f/screenshot[39m [90m{}[39m
[38;5;65m[f3511540][0m[38;5;86m[HTTP][0m [37m<-- GET /wd/hub/session/f3511540-b908-4e0e-b3b9-53e79f41969f/screenshot [39m[32m200[39m [90m697 ms - 131816[39m [90m[39m
[38;5;65m[f3511540][0m[38;5;86m[HTTP][0m [37m-->[39m [37mGET[39m [37m/wd/hub/session/f3511540-b908-4e0e-b3b9-53e79f41969f/source[39m [90m{}[39m
[38;5;65m[f3511540][0m[38;5;-179m[AndroidUiautomator2Driver@f5f7][0m Driver proxy active, passing request on via HTTP proxy
[38;5;65m[f3511540][0m[38;5;-179m[AndroidUiautomator2Driver@f5f7][0m Replacing sessionId 406aa025-3739-4531-a309-b03a27ad6ecf with f3511540-b908-4e0e-b3b9-53e79f41969f
[38;5;65m[f3511540][0m[38;5;86m[HTTP][0m [37m<-- GET /wd/hub/session/f3511540-b908-4e0e-b3b9-53e79f41969f/source [39m[32m200[39m [90m148 ms - 19422[39m [90m[39m
[38;5;65m[f3511540][0m[38;5;86m[HTTP][0m [37m-->[39m [37mGET[39m [37m/wd/hub/session/f3511540-b908-4e0e-b3b9-53e79f41969f/screenshot[39m [90m{}[39m
[38;5;65m[f3511540][0m[38;5;86m[HTTP][0m [37m<-- GET /wd/hub/session/f3511540-b908-4e0e-b3b9-53e79f41969f/screenshot [39m[32m200[39m [90m465 ms - 128016[39m [90m[39m
[38;5;65m[f3511540][0m[38;5;86m[HTTP][0m [37m-->[39m [37mDELETE[39m [37m/wd/hub/session/f3511540-b908-4e0e-b3b9-53e79f41969f[39m [90m{}[39m
[38;5;65m[f3511540][0m[38;5;188m[AppiumDriver@c0cd][0m Removing session f3511540-b908-4e0e-b3b9-53e79f41969f from our master session list
[38;5;65m[f3511540][0m[38;5;-179m[AndroidUiautomator2Driver@f5f7][0m Restoring hidden api policy to the device default configuration
[38;5;65m[f3511540][0m[38;5;86m[HTTP][0m [37m<-- DELETE /wd/hub/session/f3511540-b908-4e0e-b3b9-53e79f41969f [39m[32m200[39m [90m282 ms - 14[39m [90m[39m
